Run directory: output\experiments\co2_grouped_descriptor_2d\batch_20260518-co2_grouped_descriptor_2d
Dataset: output\cleaned_data\co2_main_subset.csv
Experiment mode: baseline
Representation method: descriptor_2d (2D descriptor baseline)
Source rows before filters: 74
Rows used: 74
Target: log10_p_co2_barrer
Group column: membrane_name_raw
CV mode: group_kfold
Folds: 5
Features: 525
Models requested: ridge, random_forest, svr, hist_gb, xgboost
Models run: ridge, random_forest, svr, hist_gb, xgboost
Convergence diagnostics:
- fold_metrics.csv now includes train metrics and train-vs-validation gaps
- convergence_summary.csv summarizes iterative loss availability by model/fold
Summary metrics:
- random_forest: MAE=0.3466, RMSE=0.4494, R2=0.4163, n_predictions=74
- ridge: MAE=0.3676, RMSE=0.4537, R2=0.4050, n_predictions=74
- hist_gb: MAE=0.3692, RMSE=0.4795, R2=0.3353, n_predictions=74
- xgboost: MAE=0.3715, RMSE=0.4896, R2=0.3069, n_predictions=74
- svr: MAE=0.4072, RMSE=0.4944, R2=0.2934, n_predictions=74
Family coverage:
- backbone_family: 0
- contortion_unit_family: 0
- modification_family: 0
Iterative loss history exported for:
- hist_gb
