Run directory: output\experiments\co2_grouped_oracle_ffv\20260518_123849
Dataset: output\cleaned_data\co2_main_subset.csv
Experiment mode: oracle_ffv
Representation method: descriptor_2d (2D descriptor baseline)
Source rows before filters: 74
Rows used: 11
Target: log10_p_co2_barrer
Group column: membrane_name_raw
CV mode: group_kfold
Folds: 5
Features: 525
Models requested: ridge, random_forest, svr, hist_gb, xgboost
Models run: ridge, random_forest, svr, hist_gb, xgboost
Convergence diagnostics:
- fold_metrics.csv now includes train metrics and train-vs-validation gaps
- convergence_summary.csv summarizes iterative loss availability by model/fold
Summary metrics:
- random_forest: MAE=0.3060, RMSE=0.3540, R2=-0.0001, n_predictions=11
- hist_gb: MAE=0.3350, RMSE=0.3889, R2=-0.2073, n_predictions=11
- svr: MAE=0.3606, RMSE=0.4153, R2=-0.3765, n_predictions=11
- ridge: MAE=0.3757, RMSE=0.4420, R2=-0.5590, n_predictions=11
- xgboost: MAE=0.3770, RMSE=0.4143, R2=-0.3699, n_predictions=11
Dropped all-missing feature columns:
- thickness_um
Dataset filters:
- log10_ffv: before=74, after=11, dropped=63
Family coverage:
- backbone_family: 0
- contortion_unit_family: 0
- modification_family: 0
Iterative loss history exported for:
- hist_gb
