Run directory: output\experiments\co2_grouped_oracle_ffv\20260513_233221
Dataset: output\cleaned_data\co2_main_subset.csv
Experiment mode: oracle_ffv
Source rows before filters: 74
Rows used: 11
Target: log10_p_co2_barrer
Group column: membrane_name_raw
CV mode: group_kfold
Folds: 5
Features: 525
Models requested: ridge, random_forest, svr, hist_gb, xgboost
Models run: ridge, random_forest, svr, hist_gb
Convergence diagnostics:
- fold_metrics.csv now includes train metrics and train-vs-validation gaps
- convergence_summary.csv summarizes iterative loss availability by model/fold
Summary metrics:
- random_forest: MAE=0.3043, RMSE=0.3676, R2=-0.0786, n_predictions=11
- hist_gb: MAE=0.3421, RMSE=0.4066, R2=-0.3198, n_predictions=11
- svr: MAE=0.3634, RMSE=0.4374, R2=-0.5269, n_predictions=11
- ridge: MAE=0.3856, RMSE=0.4620, R2=-0.7037, n_predictions=11
Skipped models:
- xgboost: xgboost is not installed in the current Python environment
Dropped all-missing feature columns:
- thickness_um
Dataset filters:
- log10_ffv: before=74, after=11, dropped=63
Family coverage:
- backbone_family: 0
- contortion_unit_family: 0
- modification_family: 0
Iterative loss history exported for:
- hist_gb
