Run directory: output\experiments\co2_grouped_baseline\20260518_110237
Dataset: output\cleaned_data\co2_main_subset.csv
Experiment mode: baseline
Representation method: descriptor_2d (2D descriptor baseline)
Source rows before filters: 74
Rows used: 74
Target: log10_p_co2_barrer
Group column: membrane_name_raw
CV mode: group_kfold
Folds: 5
Features: 525
Models requested: ridge, random_forest, svr, hist_gb, xgboost
Models run: ridge, random_forest, svr, hist_gb, xgboost
Convergence diagnostics:
- fold_metrics.csv now includes train metrics and train-vs-validation gaps
- convergence_summary.csv summarizes iterative loss availability by model/fold
Summary metrics:
- random_forest: MAE=0.3234, RMSE=0.4452, R2=0.4271, n_predictions=74
- hist_gb: MAE=0.3317, RMSE=0.4249, R2=0.4782, n_predictions=74
- xgboost: MAE=0.3329, RMSE=0.4814, R2=0.3299, n_predictions=74
- ridge: MAE=0.3544, RMSE=0.4396, R2=0.4414, n_predictions=74
- svr: MAE=0.3663, RMSE=0.4509, R2=0.4122, n_predictions=74
Family coverage:
- backbone_family: 0
- contortion_unit_family: 0
- modification_family: 0
Iterative loss history exported for:
- hist_gb
