Run directory: output\experiments\co2_n2_screening__descriptor_2d_3d\20260518_112843
Dataset: output\cleaned_data\co2_n2_subset.csv
Experiment mode: baseline
Representation method: descriptor_2d_3d (2D+3D descriptor baseline)
Source rows before filters: 71
Rows used: 71
Target: log10_sel_co2_n2_from_perm
Group column: membrane_name_raw
CV mode: group_kfold
Folds: 5
Features: 525
Models requested: ridge, random_forest, svr, hist_gb, xgboost
Models run: ridge, random_forest, svr, hist_gb, xgboost
Convergence diagnostics:
- fold_metrics.csv now includes train metrics and train-vs-validation gaps
- convergence_summary.csv summarizes iterative loss availability by model/fold
Screening mode: CO2/N2 | x=log10_p_co2_barrer | y=log10_sel_co2_n2_from_perm
Reference upper bound for ranking: 2008
Summary metrics:
- random_forest: MAE=0.1098, RMSE=0.1780, R2=0.0999, n_predictions=71
- ridge: MAE=0.1169, RMSE=0.1842, R2=0.0357, n_predictions=71
- xgboost: MAE=0.1228, RMSE=0.1910, R2=-0.0367, n_predictions=71
- svr: MAE=0.1246, RMSE=0.1918, R2=-0.0459, n_predictions=71
- hist_gb: MAE=0.1309, RMSE=0.2066, R2=-0.2131, n_predictions=71
Family coverage:
- backbone_family: 0
- contortion_unit_family: 0
- modification_family: 0
Iterative loss history exported for:
- hist_gb
Best-model screening top candidate:
- model=random_forest, sample_id=S048, membrane_name_raw=PIM-TMN-Trip, screening_rank_score=0.3163
