Run directory: output\experiments\co2_ch4_oracle_ffv\20260513_233306
Dataset: output\cleaned_data\co2_ch4_subset.csv
Experiment mode: oracle_ffv
Source rows before filters: 71
Rows used: 11
Target: log10_sel_co2_ch4_from_perm
Group column: membrane_name_raw
CV mode: group_kfold
Folds: 5
Features: 525
Models requested: ridge, random_forest, svr, hist_gb, xgboost
Models run: ridge, random_forest, svr, hist_gb
Convergence diagnostics:
- fold_metrics.csv now includes train metrics and train-vs-validation gaps
- convergence_summary.csv summarizes iterative loss availability by model/fold
Screening mode: CO2/CH4 | x=log10_p_co2_barrer | y=log10_sel_co2_ch4_from_perm
Reference upper bound for ranking: 2008
Summary metrics:
- hist_gb: MAE=0.1313, RMSE=0.1778, R2=-0.2687, n_predictions=11
- random_forest: MAE=0.1405, RMSE=0.1852, R2=-0.3754, n_predictions=11
- svr: MAE=0.1610, RMSE=0.2082, R2=-0.7390, n_predictions=11
- ridge: MAE=0.1862, RMSE=0.2553, R2=-1.6147, n_predictions=11
Skipped models:
- xgboost: xgboost is not installed in the current Python environment
Dropped all-missing feature columns:
- thickness_um
Dataset filters:
- log10_ffv: before=71, after=11, dropped=60
Family coverage:
- backbone_family: 0
- contortion_unit_family: 0
- modification_family: 0
Iterative loss history exported for:
- hist_gb
Best-model screening top candidate:
- model=hist_gb, sample_id=S006, membrane_name_raw=PIM-1-M, screening_rank_score=0.1871
