Run directory: output\experiments\co2_ch4_oracle_ffv\20260518_123906
Dataset: output\cleaned_data\co2_ch4_subset.csv
Experiment mode: oracle_ffv
Representation method: descriptor_2d (2D descriptor baseline)
Source rows before filters: 71
Rows used: 11
Target: log10_sel_co2_ch4_from_perm
Group column: membrane_name_raw
CV mode: group_kfold
Folds: 5
Features: 525
Models requested: ridge, random_forest, svr, hist_gb, xgboost
Models run: ridge, random_forest, svr, hist_gb, xgboost
Convergence diagnostics:
- fold_metrics.csv now includes train metrics and train-vs-validation gaps
- convergence_summary.csv summarizes iterative loss availability by model/fold
Screening mode: CO2/CH4 | x=log10_p_co2_barrer | y=log10_sel_co2_ch4_from_perm
Reference upper bound for ranking: 2008
Summary metrics:
- hist_gb: MAE=0.1279, RMSE=0.1763, R2=-0.2470, n_predictions=11
- random_forest: MAE=0.1322, RMSE=0.1830, R2=-0.3437, n_predictions=11
- svr: MAE=0.1577, RMSE=0.2074, R2=-0.7254, n_predictions=11
- ridge: MAE=0.1878, RMSE=0.2554, R2=-1.6168, n_predictions=11
- xgboost: MAE=0.2076, RMSE=0.2750, R2=-2.0334, n_predictions=11
Dropped all-missing feature columns:
- thickness_um
Dataset filters:
- log10_ffv: before=71, after=11, dropped=60
Family coverage:
- backbone_family: 0
- contortion_unit_family: 0
- modification_family: 0
Iterative loss history exported for:
- hist_gb
Best-model screening top candidate:
- model=hist_gb, sample_id=S006, membrane_name_raw=PIM-1-M, screening_rank_score=0.1804
