Run directory: output\experiments\co2_ch4_graph_2d\batch_20260518-co2_ch4_graph_2d
Dataset: output\cleaned_data\co2_ch4_subset.csv
Experiment mode: baseline
Representation method: graph_2d (2D graph model)
Source rows before filters: 71
Rows used: 71
Target: log10_sel_co2_ch4_from_perm
Group column: membrane_name_raw
CV mode: group_kfold
Folds: 5
Node features: 11
Global features: 4
Coordinate features: 0
Models requested: gcn_small, gcn_medium
Models run: gcn_small, gcn_medium
Training device: cpu
Convergence diagnostics:
- fold_metrics.csv includes train metrics and train-vs-validation gaps
- convergence_summary.csv summarizes graph epoch histories by model/fold
Screening mode: CO2/CH4 | x=log10_p_co2_barrer | y=log10_sel_co2_ch4_from_perm
Reference upper bound for ranking: 2008
Summary metrics:
- gcn_small: MAE=0.1400, RMSE=0.1911, R2=-0.0021
- gcn_medium: MAE=0.1894, RMSE=0.2513, R2=-0.7336
Runtime seconds: 31.42
