Run directory: output\experiments\co2_ch4_descriptor_2d_3d\batch_20260518-co2_ch4_descriptor_2d_3d
Dataset: output\cleaned_data\co2_ch4_subset.csv
Experiment mode: baseline
Representation method: descriptor_2d_3d (2D+3D descriptor baseline)
Source rows before filters: 71
Rows used: 71
Target: log10_sel_co2_ch4_from_perm
Group column: membrane_name_raw
CV mode: group_kfold
Folds: 5
Features: 529
Models requested: ridge, random_forest, svr, hist_gb, xgboost
Models run: ridge, random_forest, svr, hist_gb, xgboost
Convergence diagnostics:
- fold_metrics.csv now includes train metrics and train-vs-validation gaps
- convergence_summary.csv summarizes iterative loss availability by model/fold
Screening mode: CO2/CH4 | x=log10_p_co2_barrer | y=log10_sel_co2_ch4_from_perm
Reference upper bound for ranking: 2008
Summary metrics:
- random_forest: MAE=0.1497, RMSE=0.2018, R2=-0.1174, n_predictions=71
- hist_gb: MAE=0.1615, RMSE=0.2013, R2=-0.1127, n_predictions=71
- svr: MAE=0.1652, RMSE=0.2135, R2=-0.2511, n_predictions=71
- xgboost: MAE=0.1687, RMSE=0.2226, R2=-0.3603, n_predictions=71
- ridge: MAE=0.1820, RMSE=0.2226, R2=-0.3607, n_predictions=71
Family coverage:
- backbone_family: 0
- contortion_unit_family: 0
- modification_family: 0
Iterative loss history exported for:
- hist_gb
Best-model screening top candidate:
- model=random_forest, sample_id=S047, membrane_name_raw=PIM-TFM-Btrip, screening_rank_score=0.3717
